Sencha Cmd 6.2.0.103 - Crash report
================================================
An error occurred while executing the following command: -version

Diagnostic information:
=======================
                         app.archivePath : archive                                           
                      app.bootstrap.base : C:\xampp\htdocs\test_task\starcode\MyAppPath      
                       app.bootstrap.css : bootstrap.css                                     
               app.bootstrap.microloader : bootstrap.js                                      
                        app.cache.deltas : true                                              
                        app.cache.enable : false                                             
                           app.classpath : app                                               
                         app.classpath.0 : app                                               
                    app.classpath.length : 1                                                 
                         app.cmd.version : 6.2.0.103                                         
                          app.config.dir : C:\xampp\htdocs\test_task\starcode\MyAppPath\.sencha\app
                app.cordova.cache.enable : false                                             
                   app.cordova.config.id : com.domain.MyAppName                              
                 app.cordova.config.name : MyAppName                                         
                 app.cordova.config.path : C:\xampp\htdocs\test_task\starcode\MyAppPath/cordova
               app.cordova.config.target :                                                   
              app.cordova.config.verbose : false                                             
                   app.cordova.js.0.path : cordova.js                                        
               app.cordova.js.0.priority : 1000                                              
                 app.cordova.js.0.remote : true                                              
                   app.cordova.js.length : 1                                                 
                 app.cordova.microloader : C:\xampp\htdocs\test_task\starcode\MyAppPath\.sencha\app/Microloader.js
      app.cordova.output.appCache.enable : false                                             
                 app.cordova.output.base : C:\xampp\htdocs\test_task\starcode\MyAppPath/cordova/www
             app.cordova.output.manifest : ${build.id}.json                                  
                 app.cordova.output.page : index.html                                        
             app.development.watch.delay : 250                                               
                                 app.dir : C:\xampp\htdocs\test_task\starcode\MyAppPath      
              app.fashion.inliner.enable : false                                             
                           app.framework : ext                                               
                   app.framework.version : 6.0.0.640                                         
                                  app.id : ce6c38c6-6eaa-495d-b182-32e624d7a1bf              
                       app.indexHtmlPath : index.html                                        
                        app.loader.cache : false                                             
                   app.loader.cacheParam : _dc                                               
                                app.name : MyAppName                                         
              app.output.appCache.enable : false                                             
                         app.output.base : C:\xampp\htdocs\test_task\starcode\MyAppPath/build/${build.environment}/MyAppName
           app.output.microloader.enable : true                                              
                           app.overrides : overrides                                         
                         app.overrides.0 : overrides                                         
                    app.overrides.length : 1                                                 
               app.phonegap.cache.enable : false                                             
                  app.phonegap.config.id : com.domain.MyAppName                              
                app.phonegap.config.name : MyAppName                                         
                app.phonegap.config.path : C:\xampp\htdocs\test_task\starcode\MyAppPath/phonegap
              app.phonegap.config.remote : false                                             
             app.phonegap.config.verbose : false                                             
                  app.phonegap.js.0.path : cordova.js                                        
              app.phonegap.js.0.priority : 1000                                              
                app.phonegap.js.0.remote : true                                              
                  app.phonegap.js.length : 1                                                 
                app.phonegap.microloader : C:\xampp\htdocs\test_task\starcode\MyAppPath\.sencha\app/Microloader.js
     app.phonegap.output.appCache.enable : false                                             
                app.phonegap.output.base : C:\xampp\htdocs\test_task\starcode\MyAppPath/phonegap/www
            app.phonegap.output.manifest : ${build.id}.json                                  
                app.phonegap.output.page : index.html                                        
             app.production.cache.enable : true                                              
          app.production.compressor.type : yui                                               
             app.production.loader.cache : ${build.timestamp}                                
   app.production.output.appCache.enable : true                                              
     app.production.output.appCache.path : cache.appcache                                    
                      app.resource.paths :                                                   
                        app.sass.dynamic : true                                              
                            app.sass.etc : sass/etc/all.scss                                 
                          app.sass.etc.0 : sass/etc/all.scss                                 
                     app.sass.etc.length : 1                                                 
                  app.sass.generated.src : sass/save                                         
                  app.sass.generated.var : sass/save.scss                                    
                      app.sass.namespace : MyAppName                                         
                            app.sass.src : sass/src                                          
                          app.sass.src.0 : sass/src                                          
                     app.sass.src.length : 1                                                 
                            app.sass.var : sass/var/all.scss,sass/var                        
                          app.sass.var.0 : sass/var/all.scss                                 
                          app.sass.var.1 : sass/var                                          
                     app.sass.var.length : 2                                                 
                 app.slicer.cache.enable : false                                             
        app.slicer.js.0.isWidgetManifest : true                                              
                    app.slicer.js.0.path : sass/example/custom.js                            
                    app.slicer.js.length : 1                                                 
       app.slicer.output.appCache.enable : false                                             
                               app.theme : theme-triton                                      
                             app.toolkit : classic                                           
                             app.version : 1.0.0.0                                           
                    buildenvironment.dir : C:\xampp\htdocs\test_task\starcode\MyAppPath      
               buildenvironment.load.dir : C:\xampp\htdocs\test_task\starcode\MyAppPath      
                          cmd.config.dir : C:\Users\Edward\bin\Sencha\Cmd\6.2.0.103          
                                 cmd.dir : C:\Users\Edward\bin\Sencha\Cmd\6.2.0.103          
                    cmd.framework.minver : 5.5.0                                             
                   cmd.framework.version : 99.99                                             
                            cmd.jvm.args : -Xms128m -Xmx1024m -Dapple.awt.UIElement=true     
              cmd.merge.tool.args.araxis : -wait -merge -3 -a1 {base} {user} {generated} {out}
              cmd.merge.tool.args.kdiff3 : {base} {user} {generated} -o {out}                
             cmd.merge.tool.args.p4merge : {base} {user} {generated} {out}                   
           cmd.merge.tool.args.smartsync : {user} {generated} {base}                         
          cmd.merge.tool.args.sourcegear : --merge --result={out} {user} {base} {generated}  
            cmd.merge.tool.args.tortoise : -base:{base} -theirs:{generated} -mine:{user} -merged:{out}
                              cmd.minver : 3.0.0.0                                           
                            cmd.platform : windows                                           
                     cmd.unicode.escapes : C:\Users\Edward\bin\Sencha\Cmd\6.2.0.103/unicode-escapes.json
                             cmd.version : 6.2.0.103                                         
                            cmd.web.port : 1841                                              
                     config.skipDownload : true                                              
                      config.skipInherit : false                                             
                        ext.license.name : trial                                             
                     framework.build.dir : ${package.output.base}                            
                     framework.classpath : ${package.dir}/src                                
                    framework.cmd.minver : 6.0.0.202                                         
                   framework.cmd.version : 6.0.0.202                                         
                 framework.compatVersion : 6.0.0                                             
                    framework.config.dir : C:\Users\Edward\bin\Sencha\Cmd\6.2.0.103\plugins\ext\current
                       framework.creator : Sencha                                            
           framework.detailedDescription : Sencha Ext JS JavaScript Framework                
                           framework.dir : C:\xampp\htdocs\test_task\starcode\MyAppPath\ext  
                  framework.example.apps : admin-dashboard,executive-dashboard,kitchensink,classic/charts-kitchensink,classic/desktop,classic/ticket-app,classic/portal,classic/simple-tasks,classic/responsive-app,classic/aria,modern/addressbook,modern/energy,modern/stockapp,modern/states,modern/geocongress,modern/oreilly
                framework.example.apps.0 : admin-dashboard                                   
                framework.example.apps.1 : executive-dashboard                               
               framework.example.apps.10 : modern/addressbook                                
               framework.example.apps.11 : modern/energy                                     
               framework.example.apps.12 : modern/stockapp                                   
               framework.example.apps.13 : modern/states                                     
               framework.example.apps.14 : modern/geocongress                                
               framework.example.apps.15 : modern/oreilly                                    
                framework.example.apps.2 : kitchensink                                       
                framework.example.apps.3 : classic/charts-kitchensink                        
                framework.example.apps.4 : classic/desktop                                   
                framework.example.apps.5 : classic/ticket-app                                
                framework.example.apps.6 : classic/portal                                    
                framework.example.apps.7 : classic/simple-tasks                              
                framework.example.apps.8 : classic/responsive-app                            
                framework.example.apps.9 : classic/aria                                      
           framework.example.apps.length : 16                                                
                  framework.example.path : examples,templates                                
                framework.example.path.0 : examples                                          
                framework.example.path.1 : templates                                         
           framework.example.path.length : 2                                                 
                        framework.format : 1                                                 
                          framework.isV5 : true                                              
                          framework.isV6 : true                                              
                          framework.name : ext                                               
                        framework.output : ${package.dir}/build                              
                     framework.overrides : ${package.dir}/overrides                          
                  framework.packages.dir : C:\xampp\htdocs\test_task\starcode\MyAppPath\ext/packages/,C:\xampp\htdocs\test_task\starcode\MyAppPath\ext/classic
                     framework.resources : resources                                         
                   framework.resources.0 : resources                                         
              framework.resources.length : 1                                                 
                      framework.sass.etc : ${package.dir}/sass/etc/all.scss                  
                  framework.sass.fashion : true                                              
                framework.sass.namespace : Ext                                               
                      framework.sass.src : ${package.dir}/sass/src                           
                      framework.sass.var : ${package.dir}/sass/var                           
        framework.signatures.0.algorithm : SHA1withRSA                                       
          framework.signatures.0.created : 2015-06-30T20:59:16Z                              
             framework.signatures.0.name : Sencha                                            
            framework.signatures.0.nonce : GkhHr4A0Q68=                                      
        framework.signatures.0.signature : tLWGjeIjMJ7Qv9G0nlxwYN/p6GXQ7Xvz1HBMinzKMj7uG7L74Yd6QVLesK1XANQlFoMn+N3/swjSuoY/YFl/rQ1ed2Ph0jMurjgC9xRgheIP7OgXK9hIQDNdfsgANHBXPo7B/m3VE7bJ57E2lkEHEOBf4Z+T/MPgf3aWor8ut8n0H0YNjM0JVnlqzXSISwXVveW5jABO2qhFMSZ3P32xPuSTQ6Rb8XZzvkdjG8lQdB4Oxa+G4S8sCyUwc8oW03OxzsswlyNX6J0Q7k5WepAC9Og9NlPGnzpmENOpe+ofOyxBhbnqyDxo1hsQL6Nlp+xl8h/6xVNpoIxqN88TePECm1qU9qdNasT2wvBY0Os2eihW6Uc9VGzxPl39kUiSidzylsPXdrOyhJHeQbtka99FnWI7S2TR6WD4hsWHo4gTvneL/3oZAi8IivIwE7kCYnSsAh5bfbRkDdPdO5Xyp4gGd3Gak/PSGuSODAhV9v9xgOjI0Sg/YOSEANo5ZmGkja5cmiN6nHzY73Th6HjCJUm3sVe3TVwPegn6dlFJlpfzYkG0QgmCXALg6Qdrbt08YavJBdMKGxGxoaiV0EvpSwt51m8lqYFBwI+t0gh5DoYwQYDS/nWcaghnAn+GKhY5aG0zNo5i6XnsuEgQTFYNpsxrmR43CkzivdbpC47loOfV0Rk=
             framework.signatures.0.uuid : e93ebd09-85f5-46b6-bfc1-c7f06cf0b8a5              
             framework.signatures.length : 1                                                 
                       framework.subpkgs : classic/classic,modern/modern,packages/charts,packages/amf,packages/soap,packages/ux
                     framework.subpkgs.0 : classic/classic                                   
                     framework.subpkgs.1 : modern/modern                                     
                     framework.subpkgs.2 : packages/charts                                   
                     framework.subpkgs.3 : packages/amf                                      
                     framework.subpkgs.4 : packages/soap                                     
                     framework.subpkgs.5 : packages/ux                                       
                framework.subpkgs.length : 6                                                 
                       framework.summary : Ext JS                                            
                          framework.type : framework                                         
                       framework.version : 6.0.0.640                                         
                       inspector.address : http://localhost:1839/                            
                    package.sass.dynamic : true                                              
                          repo.local.dir : C:\Users\Edward\bin\Sencha\Cmd\repo               
        system.java.net.useSystemProxies : true                                              
                              theme.name : theme-triton                                      
                            toolkit.name : classic                                           
                     workspace.build.dir : C:\xampp\htdocs\test_task\starcode\MyAppPath/build
                   workspace.cmd.version : 6.2.0.103                                         
                    workspace.config.dir : C:\xampp\htdocs\test_task\starcode\MyAppPath\.sencha\workspace
                           workspace.dir : C:\xampp\htdocs\test_task\starcode\MyAppPath      
           workspace.frameworks.ext.path : C:\xampp\htdocs\test_task\starcode\MyAppPath\ext  
        workspace.frameworks.ext.version : 6.0.0.640                                         
                  workspace.packages.dir : C:\xampp\htdocs\test_task\starcode\MyAppPath/packages/local,C:\xampp\htdocs\test_task\starcode\MyAppPath/packages
              workspace.packages.extract : C:\xampp\htdocs\test_task\starcode\MyAppPath/packages/remote
                     workspace.theme.dir : C:\xampp\htdocs\test_task\starcode\MyAppPath/packages/local,C:\xampp\htdocs\test_task\starcode\MyAppPath/packages/${args.themeName}

Exception information:
=======================
No such property : version
     at com.sencha.cli.AbstractCommand$Properties.getProperty(AbstractCommand.java:444)
     at com.sencha.cli.AbstractCommand.parseConfigParam(AbstractCommand.java:468)
     at com.sencha.cli.AbstractCommand.processConfigParam(AbstractCommand.java:518)
     at com.sencha.cli.AbstractCommand.configure(AbstractCommand.java:114)
     at com.sencha.command.Sencha.main(Sencha.java:135)
     at sun.reflect.NativeMethodAccessorImpl.invoke0(Native Method)
     at sun.reflect.NativeMethodAccessorImpl.invoke(Unknown Source)
     at sun.reflect.DelegatingMethodAccessorImpl.invoke(Unknown Source)
     at java.lang.reflect.Method.invoke(Unknown Source)
     at com.exe4j.runtime.LauncherEngine.launch(Unknown Source)
     at com.exe4j.runtime.WinLauncher.main(Unknown Source)
     at com.install4j.runtime.launcher.WinLauncher.main(Unknown Source)

